<?xml version="1.0" encoding="UTF-8"?>
<!-- Generated by org.testng.reporters.JUnitReportReporter -->
<testsuite hostname="EC2AMAZ-S11DBRH" failures="0" tests="3" name="pages.PlaceOrderTest" time="1.364" errors="0" timestamp="2024-05-03T07:16:51 GMT" skipped="0">
  <testcase classname="pages.PlaceOrderTest" name="validLogin" time="0.473"/>
  <system-out/>
  <testcase classname="pages.PlaceOrderTest" name="addItem" time="0.260"/>
  <system-out/>
  <testcase classname="pages.PlaceOrderTest" name="checkoutTest" time="0.631"/>
  <system-out/>
</testsuite> <!-- pages.PlaceOrderTest -->
