<?xml version="1.0" encoding="UTF-8"?>
<!-- Generated by org.testng.reporters.JUnitReportReporter -->
<testsuite hostname="EC2AMAZ-S11DBRH" failures="0" tests="1" name="base.PlaceOrderTest" time="0.727" errors="0" timestamp="2024-05-03T05:25:00 GMT" skipped="0">
  <testcase classname="base.PlaceOrderTest" name="validLogin" time="0.727"/>
  <system-out/>
</testsuite> <!-- base.PlaceOrderTest -->
